<?xml version="1.0" encoding="UTF-8"?>
<robot generator="Robot 7.4.1 (Python 3.14.2 on win32)" generated="2026-01-05T09:55:46.590277" rpa="false" schemaversion="5">
<suite id="s1" name="UAT-Lab04-001" source="D:\KKU\SWEN_Lab4\UAT-Lab04-001.robot">
<test id="s1-t1" name="Register Success" line="9">
<kw name="Open Browser" owner="SeleniumLibrary">
<msg time="2026-01-05T09:55:46.962516" level="INFO">Opening browser 'Chrome' to base url 'D:/KKU/SWEN_Lab4/StarterFiles/Registration.html'.</msg>
<arg>${SERVER}</arg>
<arg>${BROWSER}</arg>
<doc>Opens a new browser instance to the optional ``url``.</doc>
<status status="PASS" start="2026-01-05T09:55:46.962116" elapsed="1.438478"/>
</kw>
<kw name="Input Text" owner="SeleniumLibrary">
<msg time="2026-01-05T09:55:48.402171" level="INFO">Typing text 'Somyod' into text field 'firstname'.</msg>
<arg>firstname</arg>
<arg>Somyod</arg>
<doc>Types the given ``text`` into the text field identified by ``locator``.</doc>
<status status="PASS" start="2026-01-05T09:55:48.401443" elapsed="0.136183"/>
</kw>
<kw name="Input Text" owner="SeleniumLibrary">
<msg time="2026-01-05T09:55:48.538491" level="INFO">Typing text 'Sodsai' into text field 'lastname'.</msg>
<arg>lastname</arg>
<arg>Sodsai</arg>
<doc>Types the given ``text`` into the text field identified by ``locator``.</doc>
<status status="PASS" start="2026-01-05T09:55:48.538178" elapsed="0.096287"/>
</kw>
<kw name="Input Text" owner="SeleniumLibrary">
<msg time="2026-01-05T09:55:48.635442" level="INFO">Typing text 'CS KKU' into text field 'organization'.</msg>
<arg>organization</arg>
<arg>CS KKU</arg>
<doc>Types the given ``text`` into the text field identified by ``locator``.</doc>
<status status="PASS" start="2026-01-05T09:55:48.635013" elapsed="0.110683"/>
</kw>
<kw name="Input Text" owner="SeleniumLibrary">
<msg time="2026-01-05T09:55:48.746645" level="INFO">Typing text 'somyod@kkumail.com' into text field 'email'.</msg>
<arg>email</arg>
<arg>somyod@kkumail.com</arg>
<doc>Types the given ``text`` into the text field identified by ``locator``.</doc>
<status status="PASS" start="2026-01-05T09:55:48.746207" elapsed="0.109611"/>
</kw>
<kw name="Input Text" owner="SeleniumLibrary">
<msg time="2026-01-05T09:55:48.856709" level="INFO">Typing text '091-001-1234' into text field 'phone'.</msg>
<arg>phone</arg>
<arg>091-001-1234</arg>
<doc>Types the given ``text`` into the text field identified by ``locator``.</doc>
<status status="PASS" start="2026-01-05T09:55:48.856300" elapsed="0.130128"/>
</kw>
<kw name="Click Button" owner="SeleniumLibrary">
<msg time="2026-01-05T09:55:48.987218" level="INFO">Clicking button 'registerButton'.</msg>
<arg>registerButton</arg>
<doc>Clicks the button identified by ``locator``.</doc>
<status status="PASS" start="2026-01-05T09:55:48.986891" elapsed="0.087592"/>
</kw>
<kw name="Location Should Contain" owner="SeleniumLibrary">
<msg time="2026-01-05T09:55:49.091231" level="INFO">Current location contains 'D:/KKU/SWEN_Lab4/StarterFiles/Success.html'.</msg>
<arg>D:/KKU/SWEN_Lab4/StarterFiles/Success.html</arg>
<doc>Verifies that the current URL contains ``expected``.</doc>
<status status="PASS" start="2026-01-05T09:55:49.074984" elapsed="0.016375"/>
</kw>
<status status="PASS" start="2026-01-05T09:55:46.960252" elapsed="2.131535"/>
</test>
<test id="s1-t2" name="Register Success No Organization Info" line="19">
<kw name="Open Browser" owner="SeleniumLibrary">
<msg time="2026-01-05T09:55:49.093455" level="INFO">Opening browser 'Chrome' to base url 'D:/KKU/SWEN_Lab4/StarterFiles/Registration.html'.</msg>
<arg>${SERVER}</arg>
<arg>${BROWSER}</arg>
<doc>Opens a new browser instance to the optional ``url``.</doc>
<status status="PASS" start="2026-01-05T09:55:49.093057" elapsed="1.368925"/>
</kw>
<kw name="Input Text" owner="SeleniumLibrary">
<msg time="2026-01-05T09:55:50.463673" level="INFO">Typing text 'Somyod' into text field 'firstname'.</msg>
<arg>firstname</arg>
<arg>Somyod</arg>
<doc>Types the given ``text`` into the text field identified by ``locator``.</doc>
<status status="PASS" start="2026-01-05T09:55:50.462620" elapsed="0.137523"/>
</kw>
<kw name="Input Text" owner="SeleniumLibrary">
<msg time="2026-01-05T09:55:50.601037" level="INFO">Typing text 'Sodsai' into text field 'lastname'.</msg>
<arg>lastname</arg>
<arg>Sodsai</arg>
<doc>Types the given ``text`` into the text field identified by ``locator``.</doc>
<status status="PASS" start="2026-01-05T09:55:50.600657" elapsed="0.102995"/>
</kw>
<kw name="Input Text" owner="SeleniumLibrary">
<msg time="2026-01-05T09:55:50.704726" level="INFO">Typing text 'somyod@kkumail.com' into text field 'email'.</msg>
<arg>email</arg>
<arg>somyod@kkumail.com</arg>
<doc>Types the given ``text`` into the text field identified by ``locator``.</doc>
<status status="PASS" start="2026-01-05T09:55:50.704320" elapsed="0.102449"/>
</kw>
<kw name="Input Text" owner="SeleniumLibrary">
<msg time="2026-01-05T09:55:50.807730" level="INFO">Typing text '091-001-1234' into text field 'phone'.</msg>
<arg>phone</arg>
<arg>091-001-1234</arg>
<doc>Types the given ``text`` into the text field identified by ``locator``.</doc>
<status status="PASS" start="2026-01-05T09:55:50.807270" elapsed="0.095994"/>
</kw>
<kw name="Click Button" owner="SeleniumLibrary">
<msg time="2026-01-05T09:55:50.904022" level="INFO">Clicking button 'registerButton'.</msg>
<arg>registerButton</arg>
<doc>Clicks the button identified by ``locator``.</doc>
<status status="PASS" start="2026-01-05T09:55:50.903719" elapsed="0.088424"/>
</kw>
<kw name="Location Should Contain" owner="SeleniumLibrary">
<msg time="2026-01-05T09:55:51.006601" level="INFO">Current location contains 'D:/KKU/SWEN_Lab4/StarterFiles/Success.html'.</msg>
<arg>D:/KKU/SWEN_Lab4/StarterFiles/Success.html</arg>
<doc>Verifies that the current URL contains ``expected``.</doc>
<status status="PASS" start="2026-01-05T09:55:50.992642" elapsed="0.014085"/>
</kw>
<status status="PASS" start="2026-01-05T09:55:49.092497" elapsed="1.914625"/>
</test>
<status status="PASS" start="2026-01-05T09:55:46.593610" elapsed="4.414436"/>
</suite>
<statistics>
<total>
<stat pass="2" fail="0" skip="0">All Tests</stat>
</total>
<tag>
</tag>
<suite>
<stat name="UAT-Lab04-001" id="s1" pass="2" fail="0" skip="0">UAT-Lab04-001</stat>
</suite>
</statistics>
<errors>
</errors>
</robot>
